Creating Ddia6719_data/ from Ddia6719.gbff
Warning: skipping GFF entry because begin >= end: NZ_CP051429 4851741 1320 1 codon_start=1 gene=dnaA inference='COORDINATES: similar to AA sequence:RefSeq:WP_003861124.1' locus_tag=HGI48_RS00005 note='Derived by automated computational analysis using gene prediction method: Protein Homology.' old_locus_tag=HGI48_00005 product='chromosomal replication initiator protein DnaA' protein_id=WP_024109373.1 transl_table=11
Warning: extent 726191:727289 not a multiple of 3 for CDS HGI48_RS03455 HGI48_RS03455 => pseudogene
Warning: extent 1102662:1103812 not a multiple of 3 for CDS HGI48_RS05250 HGI48_RS05250 => pseudogene
Warning: extent 2392492:2393642 not a multiple of 3 for CDS HGI48_RS11030 HGI48_RS11030 => pseudogene
No gene entry for locustag:begin HGI48_RS00005:1320 (OK if wrap-around ORF or pseudo)
No gene entry for locustag:begin HGI48_RS00085:23629 (OK if wrap-around ORF or pseudo)
No gene entry for locustag:begin HGI48_RS00275:70709 (OK if wrap-around ORF or pseudo)
No gene entry for locustag:begin HGI48_RS00400:101698 (OK if wrap-around ORF or pseudo)
No gene entry for locustag:begin HGI48_RS01055:236413 (OK if wrap-around ORF or pseudo)
No gene entry for locustag:begin HGI48_RS01885:417781 (OK if wrap-around ORF or pseudo)
No gene entry for locustag:begin HGI48_RS02020:445182 (OK if wrap-around ORF or pseudo)
No gene entry for locustag:begin HGI48_RS02050:450519 (OK if wrap-around ORF or pseudo)
No gene entry for locustag:begin HGI48_RS02060:451784 (OK if wrap-around ORF or pseudo)
No gene entry for locustag:begin HGI48_RS02230:486754 (OK if wrap-around ORF or pseudo)
No gene entry for locustag:begin HGI48_RS02235:487372 (OK if wrap-around ORF or pseudo)
No gene entry for locustag:begin HGI48_RS02240:488473 (OK if wrap-around ORF or pseudo)
No gene entry for locustag:begin HGI48_RS03455:726191 (OK if wrap-around ORF or pseudo)
No gene entry for locustag:begin HGI48_RS03660:776265 (OK if wrap-around ORF or pseudo)
No gene entry for locustag:begin HGI48_RS03825:817150 (OK if wrap-around ORF or pseudo)
No gene entry for locustag:begin HGI48_RS04130:874756 (OK if wrap-around ORF or pseudo)
No gene entry for locustag:begin HGI48_RS04145:876878 (OK if wrap-around ORF or pseudo)
No gene entry for locustag:begin HGI48_RS04160:879631 (OK if wrap-around ORF or pseudo)
No gene entry for locustag:begin HGI48_RS04185:883404 (OK if wrap-around ORF or pseudo)
No gene entry for locustag:begin HGI48_RS04190:883786 (OK if wrap-around ORF or pseudo)
No gene entry for locustag:begin HGI48_RS04200:885007 (OK if wrap-around ORF or pseudo)
No gene entry for locustag:begin HGI48_RS04205:886117 (OK if wrap-around ORF or pseudo)
No gene entry for locustag:begin HGI48_RS04220:888353 (OK if wrap-around ORF or pseudo)
No gene entry for locustag:begin HGI48_RS04600:964226 (OK if wrap-around ORF or pseudo)
No gene entry for locustag:begin HGI48_RS04670:981829 (OK if wrap-around ORF or pseudo)
No gene entry for locustag:begin HGI48_RS04695:986867 (OK if wrap-around ORF or pseudo)
No gene entry for locustag:begin HGI48_RS04725:990445 (OK if wrap-around ORF or pseudo)
No gene entry for locustag:begin HGI48_RS04805:1009191 (OK if wrap-around ORF or pseudo)
No gene entry for locustag:begin HGI48_RS04815:1010594 (OK if wrap-around ORF or pseudo)
No gene entry for locustag:begin HGI48_RS04845:1014094 (OK if wrap-around ORF or pseudo)
No gene entry for locustag:begin HGI48_RS05245:1101575 (OK if wrap-around ORF or pseudo)
No gene entry for locustag:begin HGI48_RS05250:1102662 (OK if wrap-around ORF or pseudo)
No gene entry for locustag:begin HGI48_RS05255:1103843 (OK if wrap-around ORF or pseudo)
No gene entry for locustag:begin HGI48_RS05260:1104041 (OK if wrap-around ORF or pseudo)
No gene entry for locustag:begin HGI48_RS05275:1107874 (OK if wrap-around ORF or pseudo)
No gene entry for locustag:begin HGI48_RS05315:1113930 (OK if wrap-around ORF or pseudo)
No gene entry for locustag:begin HGI48_RS05425:1137509 (OK if wrap-around ORF or pseudo)
No gene entry for locustag:begin HGI48_RS05990:1274553 (OK if wrap-around ORF or pseudo)
No gene entry for locustag:begin HGI48_RS06615:1399702 (OK if wrap-around ORF or pseudo)
No gene entry for locustag:begin HGI48_RS06970:1479160 (OK if wrap-around ORF or pseudo)
No gene entry for locustag:begin HGI48_RS06975:1479881 (OK if wrap-around ORF or pseudo)
No gene entry for locustag:begin HGI48_RS07055:1495636 (OK if wrap-around ORF or pseudo)
No gene entry for locustag:begin HGI48_RS07200:1525117 (OK if wrap-around ORF or pseudo)
No gene entry for locustag:begin HGI48_RS07215:1532182 (OK if wrap-around ORF or pseudo)
No gene entry for locustag:begin HGI48_RS07755:1658235 (OK if wrap-around ORF or pseudo)
No gene entry for locustag:begin HGI48_RS08110:1743657 (OK if wrap-around ORF or pseudo)
No gene entry for locustag:begin HGI48_RS08115:1744563 (OK if wrap-around ORF or pseudo)
No gene entry for locustag:begin HGI48_RS08220:1765795 (OK if wrap-around ORF or pseudo)
No gene entry for locustag:begin HGI48_RS08255:1772718 (OK if wrap-around ORF or pseudo)
No gene entry for locustag:begin HGI48_RS08290:1778364 (OK if wrap-around ORF or pseudo)
No gene entry for locustag:begin HGI48_RS08295:1779244 (OK if wrap-around ORF or pseudo)
No gene entry for locustag:begin HGI48_RS08355:1795509 (OK if wrap-around ORF or pseudo)
No gene entry for locustag:begin HGI48_RS08360:1796607 (OK if wrap-around ORF or pseudo)
No gene entry for locustag:begin HGI48_RS08465:1816939 (OK if wrap-around ORF or pseudo)
No gene entry for locustag:begin HGI48_RS08470:1817081 (OK if wrap-around ORF or pseudo)
No gene entry for locustag:begin HGI48_RS08475:1819931 (OK if wrap-around ORF or pseudo)
No gene entry for locustag:begin HGI48_RS08480:1821617 (OK if wrap-around ORF or pseudo)
No gene entry for locustag:begin HGI48_RS08485:1823450 (OK if wrap-around ORF or pseudo)
No gene entry for locustag:begin HGI48_RS08490:1826330 (OK if wrap-around ORF or pseudo)
No gene entry for locustag:begin HGI48_RS08495:1827995 (OK if wrap-around ORF or pseudo)
No gene entry for locustag:begin HGI48_RS08500:1829792 (OK if wrap-around ORF or pseudo)
No gene entry for locustag:begin HGI48_RS08505:1832756 (OK if wrap-around ORF or pseudo)
No gene entry for locustag:begin HGI48_RS08515:1834927 (OK if wrap-around ORF or pseudo)
No gene entry for locustag:begin HGI48_RS08535:1836716 (OK if wrap-around ORF or pseudo)
No gene entry for locustag:begin HGI48_RS08750:1880305 (OK if wrap-around ORF or pseudo)
No gene entry for locustag:begin HGI48_RS08950:1929017 (OK if wrap-around ORF or pseudo)
No gene entry for locustag:begin HGI48_RS09145:1962432 (OK if wrap-around ORF or pseudo)
No gene entry for locustag:begin HGI48_RS10025:2165264 (OK if wrap-around ORF or pseudo)
No gene entry for locustag:begin HGI48_RS10990:2383369 (OK if wrap-around ORF or pseudo)
No gene entry for locustag:begin HGI48_RS10995:2384149 (OK if wrap-around ORF or pseudo)
No gene entry for locustag:begin HGI48_RS11030:2392492 (OK if wrap-around ORF or pseudo)
No gene entry for locustag:begin HGI48_RS11035:2394295 (OK if wrap-around ORF or pseudo)
No gene entry for locustag:begin HGI48_RS11160:2428559 (OK if wrap-around ORF or pseudo)
No gene entry for locustag:begin HGI48_RS11180:2429840 (OK if wrap-around ORF or pseudo)
No gene entry for locustag:begin HGI48_RS11185:2431836 (OK if wrap-around ORF or pseudo)
No gene entry for locustag:begin HGI48_RS11210:2446191 (OK if wrap-around ORF or pseudo)
No gene entry for locustag:begin HGI48_RS11500:2501840 (OK if wrap-around ORF or pseudo)
No gene entry for locustag:begin HGI48_RS11610:2525564 (OK if wrap-around ORF or pseudo)
No gene entry for locustag:begin HGI48_RS11905:2600659 (OK if wrap-around ORF or pseudo)
No gene entry for locustag:begin HGI48_RS11920:2603222 (OK if wrap-around ORF or pseudo)
No gene entry for locustag:begin HGI48_RS12425:2716765 (OK if wrap-around ORF or pseudo)
No gene entry for locustag:begin HGI48_RS12740:2783607 (OK if wrap-around ORF or pseudo)
No gene entry for locustag:begin HGI48_RS12755:2784946 (OK if wrap-around ORF or pseudo)
No gene entry for locustag:begin HGI48_RS13820:3079735 (OK if wrap-around ORF or pseudo)
No gene entry for locustag:begin HGI48_RS13835:3082021 (OK if wrap-around ORF or pseudo)
No gene entry for locustag:begin HGI48_RS13900:3097477 (OK if wrap-around ORF or pseudo)
No gene entry for locustag:begin HGI48_RS13940:3118906 (OK if wrap-around ORF or pseudo)
No gene entry for locustag:begin HGI48_RS13945:3119278 (OK if wrap-around ORF or pseudo)
No gene entry for locustag:begin HGI48_RS13960:3120421 (OK if wrap-around ORF or pseudo)
No gene entry for locustag:begin HGI48_RS13970:3123167 (OK if wrap-around ORF or pseudo)
No gene entry for locustag:begin HGI48_RS13995:3131152 (OK if wrap-around ORF or pseudo)
No gene entry for locustag:begin HGI48_RS14035:3141378 (OK if wrap-around ORF or pseudo)
No gene entry for locustag:begin HGI48_RS14785:3330313 (OK if wrap-around ORF or pseudo)
No gene entry for locustag:begin HGI48_RS14810:3335412 (OK if wrap-around ORF or pseudo)
No gene entry for locustag:begin HGI48_RS14820:3336395 (OK if wrap-around ORF or pseudo)
No gene entry for locustag:begin HGI48_RS14860:3350868 (OK if wrap-around ORF or pseudo)
No gene entry for locustag:begin HGI48_RS14880:3356473 (OK if wrap-around ORF or pseudo)
No gene entry for locustag:begin HGI48_RS14885:3356778 (OK if wrap-around ORF or pseudo)
No gene entry for locustag:begin HGI48_RS14940:3365574 (OK if wrap-around ORF or pseudo)
No gene entry for locustag:begin HGI48_RS14945:3366322 (OK if wrap-around ORF or pseudo)
No gene entry for locustag:begin HGI48_RS14950:3367097 (OK if wrap-around ORF or pseudo)
No gene entry for locustag:begin HGI48_RS15055:3388001 (OK if wrap-around ORF or pseudo)
No gene entry for locustag:begin HGI48_RS15105:3400775 (OK if wrap-around ORF or pseudo)
No gene entry for locustag:begin HGI48_RS15385:3464004 (OK if wrap-around ORF or pseudo)
No gene entry for locustag:begin HGI48_RS15415:3470180 (OK if wrap-around ORF or pseudo)
No gene entry for locustag:begin HGI48_RS16590:3719436 (OK if wrap-around ORF or pseudo)
No gene entry for locustag:begin HGI48_RS17190:3852528 (OK if wrap-around ORF or pseudo)
No gene entry for locustag:begin HGI48_RS17700:3967737 (OK if wrap-around ORF or pseudo)
No gene entry for locustag:begin HGI48_RS18235:4090304 (OK if wrap-around ORF or pseudo)
No gene entry for locustag:begin HGI48_RS18830:4224274 (OK if wrap-around ORF or pseudo)
No gene entry for locustag:begin HGI48_RS18865:4229903 (OK if wrap-around ORF or pseudo)
No gene entry for locustag:begin HGI48_RS18875:4231190 (OK if wrap-around ORF or pseudo)
No gene entry for locustag:begin HGI48_RS18905:4237645 (OK if wrap-around ORF or pseudo)
No gene entry for locustag:begin HGI48_RS19005:4267023 (OK if wrap-around ORF or pseudo)
No gene entry for locustag:begin HGI48_RS19025:4270244 (OK if wrap-around ORF or pseudo)
No gene entry for locustag:begin HGI48_RS19240:4320460 (OK if wrap-around ORF or pseudo)
No gene entry for locustag:begin HGI48_RS19245:4321628 (OK if wrap-around ORF or pseudo)
No gene entry for locustag:begin HGI48_RS19545:4365136 (OK if wrap-around ORF or pseudo)
No gene entry for locustag:begin HGI48_RS19875:4444425 (OK if wrap-around ORF or pseudo)
No gene entry for locustag:begin HGI48_RS20540:4590848 (OK if wrap-around ORF or pseudo)
No gene entry for locustag:begin HGI48_RS20565:4595197 (OK if wrap-around ORF or pseudo)
No gene entry for locustag:begin HGI48_RS20570:4596222 (OK if wrap-around ORF or pseudo)
No gene entry for locustag:begin HGI48_RS20575:4597553 (OK if wrap-around ORF or pseudo)
No gene entry for locustag:begin HGI48_RS20580:4597874 (OK if wrap-around ORF or pseudo)
No gene entry for locustag:begin HGI48_RS20585:4599027 (OK if wrap-around ORF or pseudo)
No gene entry for locustag:begin HGI48_RS20700:4627258 (OK if wrap-around ORF or pseudo)
No gene entry for locustag:begin HGI48_RS20825:4648367 (OK if wrap-around ORF or pseudo)
No gene entry for locustag:begin HGI48_RS20875:4665295 (OK if wrap-around ORF or pseudo)
No gene entry for locustag:begin HGI48_RS20900:4668308 (OK if wrap-around ORF or pseudo)
No gene entry for locustag:begin HGI48_RS20935:4675510 (OK if wrap-around ORF or pseudo)
No gene entry for locustag:begin HGI48_RS20985:4685562 (OK if wrap-around ORF or pseudo)
No gene entry for locustag:begin HGI48_RS21035:4695887 (OK if wrap-around ORF or pseudo)
Wrote a.a. sequences for 4242 genes
