Creating DdiaME23_data/ from DdiaME23.gbff
Warning: skipping GFF entry because begin >= end: NZ_CP031560 4908990 1320 1 codon_start=1 db_xref=GeneID:49319930 gene=dnaA inference='COORDINATES: similar to AA sequence:RefSeq:WP_003861124.1' locus_tag=DZA65_RS00005 note='Derived by automated computational analysis using gene prediction method: Protein Homology.' old_locus_tag=DZA65_00001 product='chromosomal replication initiator protein DnaA' protein_id=WP_024107878.1 transl_table=11
Warning: extent 131942:133050 not a multiple of 3 for CDS DZA65_RS00570 DZA65_RS00570 => pseudogene
Warning: extent 475529:476373 not a multiple of 3 for CDS DZA65_RS02180 DZA65_RS02180 => pseudogene
Warning: extent 659171:660279 not a multiple of 3 for CDS DZA65_RS03095 DZA65_RS03095 => pseudogene
Warning: extent 739633:740731 not a multiple of 3 for CDS DZA65_RS03500 DZA65_RS03500 => pseudogene
Warning: extent 3162324:3163837 not a multiple of 3 for CDS DZA65_RS14520 DZA65_RS14520 => pseudogene
No gene entry for locustag:begin DZA65_RS00005:1320 (OK if wrap-around ORF or pseudo)
No gene entry for locustag:begin DZA65_RS00060:14659 (OK if wrap-around ORF or pseudo)
No gene entry for locustag:begin DZA65_RS00095:22452 (OK if wrap-around ORF or pseudo)
No gene entry for locustag:begin DZA65_RS00570:131942 (OK if wrap-around ORF or pseudo)
No gene entry for locustag:begin DZA65_RS00650:150687 (OK if wrap-around ORF or pseudo)
No gene entry for locustag:begin DZA65_RS01320:295074 (OK if wrap-around ORF or pseudo)
No gene entry for locustag:begin DZA65_RS01740:378068 (OK if wrap-around ORF or pseudo)
No gene entry for locustag:begin DZA65_RS02020:442886 (OK if wrap-around ORF or pseudo)
No gene entry for locustag:begin DZA65_RS02130:468747 (OK if wrap-around ORF or pseudo)
No gene entry for locustag:begin DZA65_RS02175:475094 (OK if wrap-around ORF or pseudo)
No gene entry for locustag:begin DZA65_RS02180:475529 (OK if wrap-around ORF or pseudo)
No gene entry for locustag:begin DZA65_RS02290:496322 (OK if wrap-around ORF or pseudo)
No gene entry for locustag:begin DZA65_RS02500:537614 (OK if wrap-around ORF or pseudo)
No gene entry for locustag:begin DZA65_RS02775:598666 (OK if wrap-around ORF or pseudo)
No gene entry for locustag:begin DZA65_RS03080:657786 (OK if wrap-around ORF or pseudo)
No gene entry for locustag:begin DZA65_RS03095:659171 (OK if wrap-around ORF or pseudo)
No gene entry for locustag:begin DZA65_RS03355:709202 (OK if wrap-around ORF or pseudo)
No gene entry for locustag:begin DZA65_RS03360:709914 (OK if wrap-around ORF or pseudo)
No gene entry for locustag:begin DZA65_RS03500:739633 (OK if wrap-around ORF or pseudo)
No gene entry for locustag:begin DZA65_RS03710:782976 (OK if wrap-around ORF or pseudo)
No gene entry for locustag:begin DZA65_RS03935:836087 (OK if wrap-around ORF or pseudo)
No gene entry for locustag:begin DZA65_RS03940:836737 (OK if wrap-around ORF or pseudo)
No gene entry for locustag:begin DZA65_RS03975:843039 (OK if wrap-around ORF or pseudo)
No gene entry for locustag:begin DZA65_RS04050:853729 (OK if wrap-around ORF or pseudo)
No gene entry for locustag:begin DZA65_RS04610:965647 (OK if wrap-around ORF or pseudo)
No gene entry for locustag:begin DZA65_RS04625:967131 (OK if wrap-around ORF or pseudo)
No gene entry for locustag:begin DZA65_RS04630:967358 (OK if wrap-around ORF or pseudo)
No gene entry for locustag:begin DZA65_RS04650:970251 (OK if wrap-around ORF or pseudo)
No gene entry for locustag:begin DZA65_RS04655:970511 (OK if wrap-around ORF or pseudo)
No gene entry for locustag:begin DZA65_RS04700:978988 (OK if wrap-around ORF or pseudo)
No gene entry for locustag:begin DZA65_RS04705:979181 (OK if wrap-around ORF or pseudo)
No gene entry for locustag:begin DZA65_RS04710:980108 (OK if wrap-around ORF or pseudo)
No gene entry for locustag:begin DZA65_RS04800:995493 (OK if wrap-around ORF or pseudo)
No gene entry for locustag:begin DZA65_RS05095:1049514 (OK if wrap-around ORF or pseudo)
No gene entry for locustag:begin DZA65_RS05575:1148652 (OK if wrap-around ORF or pseudo)
No gene entry for locustag:begin DZA65_RS05580:1149193 (OK if wrap-around ORF or pseudo)
No gene entry for locustag:begin DZA65_RS05600:1152126 (OK if wrap-around ORF or pseudo)
No gene entry for locustag:begin DZA65_RS05735:1177878 (OK if wrap-around ORF or pseudo)
No gene entry for locustag:begin DZA65_RS05740:1178401 (OK if wrap-around ORF or pseudo)
No gene entry for locustag:begin DZA65_RS06340:1320471 (OK if wrap-around ORF or pseudo)
No gene entry for locustag:begin DZA65_RS06970:1442930 (OK if wrap-around ORF or pseudo)
No gene entry for locustag:begin DZA65_RS07230:1503670 (OK if wrap-around ORF or pseudo)
No gene entry for locustag:begin DZA65_RS07315:1521700 (OK if wrap-around ORF or pseudo)
No gene entry for locustag:begin DZA65_RS07340:1529976 (OK if wrap-around ORF or pseudo)
No gene entry for locustag:begin DZA65_RS07385:1537591 (OK if wrap-around ORF or pseudo)
No gene entry for locustag:begin DZA65_RS07390:1538354 (OK if wrap-around ORF or pseudo)
No gene entry for locustag:begin DZA65_RS07440:1546688 (OK if wrap-around ORF or pseudo)
No gene entry for locustag:begin DZA65_RS07455:1549224 (OK if wrap-around ORF or pseudo)
No gene entry for locustag:begin DZA65_RS07530:1564033 (OK if wrap-around ORF or pseudo)
No gene entry for locustag:begin DZA65_RS07600:1583785 (OK if wrap-around ORF or pseudo)
No gene entry for locustag:begin DZA65_RS07705:1601306 (OK if wrap-around ORF or pseudo)
No gene entry for locustag:begin DZA65_RS07715:1606075 (OK if wrap-around ORF or pseudo)
No gene entry for locustag:begin DZA65_RS08145:1704521 (OK if wrap-around ORF or pseudo)
No gene entry for locustag:begin DZA65_RS08255:1737287 (OK if wrap-around ORF or pseudo)
No gene entry for locustag:begin DZA65_RS08535:1801596 (OK if wrap-around ORF or pseudo)
No gene entry for locustag:begin DZA65_RS08760:1853531 (OK if wrap-around ORF or pseudo)
No gene entry for locustag:begin DZA65_RS08805:1861535 (OK if wrap-around ORF or pseudo)
No gene entry for locustag:begin DZA65_RS08810:1861697 (OK if wrap-around ORF or pseudo)
No gene entry for locustag:begin DZA65_RS08850:1868430 (OK if wrap-around ORF or pseudo)
No gene entry for locustag:begin DZA65_RS08955:1886879 (OK if wrap-around ORF or pseudo)
No gene entry for locustag:begin DZA65_RS09090:1915462 (OK if wrap-around ORF or pseudo)
No gene entry for locustag:begin DZA65_RS09095:1915844 (OK if wrap-around ORF or pseudo)
No gene entry for locustag:begin DZA65_RS09180:1939459 (OK if wrap-around ORF or pseudo)
No gene entry for locustag:begin DZA65_RS09265:1954829 (OK if wrap-around ORF or pseudo)
No gene entry for locustag:begin DZA65_RS09340:1970347 (OK if wrap-around ORF or pseudo)
No gene entry for locustag:begin DZA65_RS09345:1970621 (OK if wrap-around ORF or pseudo)
No gene entry for locustag:begin DZA65_RS09370:1974095 (OK if wrap-around ORF or pseudo)
No gene entry for locustag:begin DZA65_RS09375:1974275 (OK if wrap-around ORF or pseudo)
No gene entry for locustag:begin DZA65_RS09415:1979474 (OK if wrap-around ORF or pseudo)
No gene entry for locustag:begin DZA65_RS09420:1981360 (OK if wrap-around ORF or pseudo)
No gene entry for locustag:begin DZA65_RS09445:1986784 (OK if wrap-around ORF or pseudo)
No gene entry for locustag:begin DZA65_RS09755:2058363 (OK if wrap-around ORF or pseudo)
No gene entry for locustag:begin DZA65_RS10245:2169548 (OK if wrap-around ORF or pseudo)
No gene entry for locustag:begin DZA65_RS10665:2261262 (OK if wrap-around ORF or pseudo)
No gene entry for locustag:begin DZA65_RS10680:2263230 (OK if wrap-around ORF or pseudo)
No gene entry for locustag:begin DZA65_RS11195:2372209 (OK if wrap-around ORF or pseudo)
No gene entry for locustag:begin DZA65_RS11210:2374410 (OK if wrap-around ORF or pseudo)
No gene entry for locustag:begin DZA65_RS11520:2461994 (OK if wrap-around ORF or pseudo)
No gene entry for locustag:begin DZA65_RS11660:2490522 (OK if wrap-around ORF or pseudo)
No gene entry for locustag:begin DZA65_RS12015:2556267 (OK if wrap-around ORF or pseudo)
No gene entry for locustag:begin DZA65_RS12040:2561634 (OK if wrap-around ORF or pseudo)
No gene entry for locustag:begin DZA65_RS12060:2565964 (OK if wrap-around ORF or pseudo)
No gene entry for locustag:begin DZA65_RS12075:2568833 (OK if wrap-around ORF or pseudo)
No gene entry for locustag:begin DZA65_RS22760:2573163 (OK if wrap-around ORF or pseudo)
No gene entry for locustag:begin DZA65_RS12095:2574036 (OK if wrap-around ORF or pseudo)
No gene entry for locustag:begin DZA65_RS12285:2625336 (OK if wrap-around ORF or pseudo)
No gene entry for locustag:begin DZA65_RS12295:2627169 (OK if wrap-around ORF or pseudo)
No gene entry for locustag:begin DZA65_RS12435:2658376 (OK if wrap-around ORF or pseudo)
No gene entry for locustag:begin DZA65_RS12830:2749766 (OK if wrap-around ORF or pseudo)
No gene entry for locustag:begin DZA65_RS13045:2796623 (OK if wrap-around ORF or pseudo)
No gene entry for locustag:begin DZA65_RS13175:2824184 (OK if wrap-around ORF or pseudo)
No gene entry for locustag:begin DZA65_RS13180:2824549 (OK if wrap-around ORF or pseudo)
No gene entry for locustag:begin DZA65_RS13195:2826839 (OK if wrap-around ORF or pseudo)
No gene entry for locustag:begin DZA65_RS13200:2827033 (OK if wrap-around ORF or pseudo)
No gene entry for locustag:begin DZA65_RS13210:2828534 (OK if wrap-around ORF or pseudo)
No gene entry for locustag:begin DZA65_RS13225:2829922 (OK if wrap-around ORF or pseudo)
No gene entry for locustag:begin DZA65_RS13445:2885223 (OK if wrap-around ORF or pseudo)
No gene entry for locustag:begin DZA65_RS13815:2966097 (OK if wrap-around ORF or pseudo)
No gene entry for locustag:begin DZA65_RS14310:3124931 (OK if wrap-around ORF or pseudo)
No gene entry for locustag:begin DZA65_RS14360:3131077 (OK if wrap-around ORF or pseudo)
No gene entry for locustag:begin DZA65_RS14410:3142966 (OK if wrap-around ORF or pseudo)
No gene entry for locustag:begin DZA65_RS14420:3144806 (OK if wrap-around ORF or pseudo)
No gene entry for locustag:begin DZA65_RS22935:3158279 (OK if wrap-around ORF or pseudo)
No gene entry for locustag:begin DZA65_RS14500:3159015 (OK if wrap-around ORF or pseudo)
No gene entry for locustag:begin DZA65_RS14505:3160140 (OK if wrap-around ORF or pseudo)
No gene entry for locustag:begin DZA65_RS14515:3162024 (OK if wrap-around ORF or pseudo)
No gene entry for locustag:begin DZA65_RS14520:3162324 (OK if wrap-around ORF or pseudo)
No gene entry for locustag:begin DZA65_RS14525:3163875 (OK if wrap-around ORF or pseudo)
No gene entry for locustag:begin DZA65_RS14615:3180826 (OK if wrap-around ORF or pseudo)
No gene entry for locustag:begin DZA65_RS14620:3181554 (OK if wrap-around ORF or pseudo)
No gene entry for locustag:begin DZA65_RS14645:3185553 (OK if wrap-around ORF or pseudo)
No gene entry for locustag:begin DZA65_RS14680:3192213 (OK if wrap-around ORF or pseudo)
No gene entry for locustag:begin DZA65_RS14710:3200202 (OK if wrap-around ORF or pseudo)
No gene entry for locustag:begin DZA65_RS14775:3218376 (OK if wrap-around ORF or pseudo)
No gene entry for locustag:begin DZA65_RS14835:3234936 (OK if wrap-around ORF or pseudo)
No gene entry for locustag:begin DZA65_RS15005:3275577 (OK if wrap-around ORF or pseudo)
No gene entry for locustag:begin DZA65_RS15255:3311082 (OK if wrap-around ORF or pseudo)
No gene entry for locustag:begin DZA65_RS15490:3358341 (OK if wrap-around ORF or pseudo)
No gene entry for locustag:begin DZA65_RS15565:3375264 (OK if wrap-around ORF or pseudo)
No gene entry for locustag:begin DZA65_RS15725:3416063 (OK if wrap-around ORF or pseudo)
No gene entry for locustag:begin DZA65_RS15730:3416232 (OK if wrap-around ORF or pseudo)
No gene entry for locustag:begin DZA65_RS15790:3430214 (OK if wrap-around ORF or pseudo)
No gene entry for locustag:begin DZA65_RS15840:3441428 (OK if wrap-around ORF or pseudo)
No gene entry for locustag:begin DZA65_RS15890:3450693 (OK if wrap-around ORF or pseudo)
No gene entry for locustag:begin DZA65_RS15915:3455017 (OK if wrap-around ORF or pseudo)
No gene entry for locustag:begin DZA65_RS15930:3457226 (OK if wrap-around ORF or pseudo)
No gene entry for locustag:begin DZA65_RS15935:3457635 (OK if wrap-around ORF or pseudo)
No gene entry for locustag:begin DZA65_RS15950:3460832 (OK if wrap-around ORF or pseudo)
No gene entry for locustag:begin DZA65_RS16205:3515614 (OK if wrap-around ORF or pseudo)
No gene entry for locustag:begin DZA65_RS16360:3544993 (OK if wrap-around ORF or pseudo)
No gene entry for locustag:begin DZA65_RS16525:3574300 (OK if wrap-around ORF or pseudo)
No gene entry for locustag:begin DZA65_RS16535:3574875 (OK if wrap-around ORF or pseudo)
No gene entry for locustag:begin DZA65_RS16785:3621836 (OK if wrap-around ORF or pseudo)
No gene entry for locustag:begin DZA65_RS17035:3675916 (OK if wrap-around ORF or pseudo)
No gene entry for locustag:begin DZA65_RS17045:3677400 (OK if wrap-around ORF or pseudo)
No gene entry for locustag:begin DZA65_RS17050:3678042 (OK if wrap-around ORF or pseudo)
No gene entry for locustag:begin DZA65_RS17275:3725542 (OK if wrap-around ORF or pseudo)
No gene entry for locustag:begin DZA65_RS17605:3794237 (OK if wrap-around ORF or pseudo)
No gene entry for locustag:begin DZA65_RS17645:3802352 (OK if wrap-around ORF or pseudo)
No gene entry for locustag:begin DZA65_RS17655:3803670 (OK if wrap-around ORF or pseudo)
No gene entry for locustag:begin DZA65_RS17680:3807320 (OK if wrap-around ORF or pseudo)
No gene entry for locustag:begin DZA65_RS18600:4006946 (OK if wrap-around ORF or pseudo)
No gene entry for locustag:begin DZA65_RS18975:4100456 (OK if wrap-around ORF or pseudo)
No gene entry for locustag:begin DZA65_RS19355:4186099 (OK if wrap-around ORF or pseudo)
No gene entry for locustag:begin DZA65_RS19940:4315685 (OK if wrap-around ORF or pseudo)
No gene entry for locustag:begin DZA65_RS20245:4386846 (OK if wrap-around ORF or pseudo)
No gene entry for locustag:begin DZA65_RS21050:4552726 (OK if wrap-around ORF or pseudo)
No gene entry for locustag:begin DZA65_RS21590:4669057 (OK if wrap-around ORF or pseudo)
No gene entry for locustag:begin DZA65_RS21595:4670256 (OK if wrap-around ORF or pseudo)
No gene entry for locustag:begin DZA65_RS21700:4696178 (OK if wrap-around ORF or pseudo)
No gene entry for locustag:begin DZA65_RS21710:4696837 (OK if wrap-around ORF or pseudo)
No gene entry for locustag:begin DZA65_RS21715:4697381 (OK if wrap-around ORF or pseudo)
No gene entry for locustag:begin DZA65_RS21725:4698887 (OK if wrap-around ORF or pseudo)
No gene entry for locustag:begin DZA65_RS21830:4717263 (OK if wrap-around ORF or pseudo)
No gene entry for locustag:begin DZA65_RS21840:4718642 (OK if wrap-around ORF or pseudo)
No gene entry for locustag:begin DZA65_RS21895:4734675 (OK if wrap-around ORF or pseudo)
No gene entry for locustag:begin DZA65_RS21970:4751772 (OK if wrap-around ORF or pseudo)
No gene entry for locustag:begin DZA65_RS22470:4859173 (OK if wrap-around ORF or pseudo)
No gene entry for locustag:begin DZA65_RS22670:4901514 (OK if wrap-around ORF or pseudo)
No gene entry for locustag:begin DZA65_RS22690:4904169 (OK if wrap-around ORF or pseudo)
Wrote a.a. sequences for 4342 genes
